<?xml version="1.0" encoding="UTF-8"?>
<!-- Generated by org.testng.reporters.JUnitReportReporter -->
<testsuite hostname="Hassan" name="TestCases.TestLogin" tests="1" failures="0" timestamp="14 May 2017 04:09:42 GMT" time="15.130" errors="0">
  <testcase name="checklogin" time="15.130" classname="TestCases.TestLogin"/>
</testsuite> <!-- TestCases.TestLogin -->
