<?xml version="1.0" encoding="UTF-8"?>
<!-- Generated by org.testng.reporters.JUnitReportReporter -->
<testsuite hostname="Hassan" name="TestCases.TestHome" tests="1" failures="0" timestamp="14 May 2017 16:37:37 GMT" time="9.939" errors="0">
  <testcase name="checkTitle" time="9.939" classname="TestCases.TestHome"/>
</testsuite> <!-- TestCases.TestHome -->
