<?xml version="1.0" encoding="UTF-8"?>
<!-- Generated by org.testng.reporters.JUnitReportReporter -->
<testsuite hostname="Hassan" name="TestCases.TestHome" tests="1" failures="0" timestamp="14 May 2017 04:15:30 GMT" time="7.477" errors="0">
  <testcase name="checkTitle" time="7.477" classname="TestCases.TestHome"/>
</testsuite> <!-- TestCases.TestHome -->
