<?xml version="1.0" encoding="UTF-8"?>
<!-- Generated by org.testng.reporters.JUnitReportReporter -->
<testsuite hostname="Hassan" name="TestCases.TestLogin" tests="1" failures="0" timestamp="20 May 2017 13:13:50 GMT" time="63.015" errors="0">
  <testcase name="checklogin" time="63.015" classname="TestCases.TestLogin"/>
</testsuite> <!-- TestCases.TestLogin -->
