<?xml version="1.0" encoding="UTF-8"?>
<!-- Generated by org.testng.reporters.JUnitReportReporter -->
<testsuite hostname="Hassan" name="TestCases.TestHome" tests="1" failures="0" timestamp="20 May 2017 13:13:50 GMT" time="34.598" errors="0">
  <testcase name="checkTitle" time="34.598" classname="TestCases.TestHome"/>
</testsuite> <!-- TestCases.TestHome -->
